<?xml version="1.0" encoding="UTF-8"?>
<testsuite name="utility.MeasurementTest" tests="1" skipped="0" failures="0" errors="0" timestamp="2021-04-12T10:02:59" hostname="LAPTOP-0U5RJ1U5" time="0.022">
  <properties/>
  <testcase name="testIf1cmIsEqualTo1cm()" classname="utility.MeasurementTest" time="0.022"/>
  <system-out><![CDATA[]]></system-out>
  <system-err><![CDATA[]]></system-err>
</testsuite>
